Script started on Fri 05 Jun 2015 10:06:38 PM WEST
]0;root@clou-c-04:/usr/share/myApps/myTennisMatches/v1[?1034h[root@clou-c-04 v1]# 
]0;root@clou-c-04:/usr/share/myApps/myTennisMatches/v1[root@clou-c-04 v1]# 
]0;root@clou-c-04:/usr/share/myApps/myTennisMatches/v1[root@clou-c-04 v1]# 
]0;root@clou-c-04:/usr/share/myApps/myTennisMatches/v1[root@clou-c-04 v1]# /etc/init.d/iptables restart[C[C[C[C[C[C[C[C[C[C[C[C[C[C[C[C[C[C[C[C[C[2Pvi /etc/sysconfig/iptables[12Pbin/app3.py^C
]0;root@clou-c-04:/usr/share/myApps/myTennisMatches/v1[root@clou-c-04 v1]# 
]0;root@clou-c-04:/usr/share/myApps/myTennisMatches/v1[root@clou-c-04 v1]# 
]0;root@clou-c-04:/usr/share/myApps/myTennisMatches/v1[root@clou-c-04 v1]# 
]0;root@clou-c-04:/usr/share/myApps/myTennisMatches/v1[root@clou-c-04 v1]# pip install MySQL-python
Downloading/unpacking MySQL-python
  Running setup.py egg_info for package MySQL-python
Installing collected packages: MySQL-python
  Running setup.py install for MySQL-python
    building '_mysql' extension
    gcc -pthread -fno-strict-aliasing -O2 -g -pipe -Wall -Wp,-D_FORTIFY_SOURCE=2 -fexceptions -fstack-protector --param=ssp-buffer-size=4 -m64 -mtune=generic -D_GNU_SOURCE -fPIC -fwrapv -DNDEBUG -O2 -g -pipe -Wall -Wp,-D_FORTIFY_SOURCE=2 -fexceptions -fstack-protector --param=ssp-buffer-size=4 -m64 -mtune=generic -D_GNU_SOURCE -fPIC -fwrapv -fPIC -Dversion_info=(1,2,5,'final',1) -D__version__=1.2.5 -I/usr/include/mysql -I/usr/include/python2.6 -c _mysql.c -o build/temp.linux-x86_64-2.6/_mysql.o -g -pipe -Wp,-D_FORTIFY_SOURCE=2 -fexceptions -fstack-protector --param=ssp-buffer-size=4 -m64 -D_GNU_SOURCE -D_FILE_OFFSET_BITS=64 -D_LARGEFILE_SOURCE -fno-strict-aliasing -fwrapv -fPIC -DUNIV_LINUX -DUNIV_LINUX
    _mysql.c:29:20: error: Python.h: No such file or directory
    _mysql.c:40:26: error: structmember.h: No such file or directory
    _mysql.c:74: error: expected â€˜=â€™, â€˜,â€™, â€˜;â€™, â€˜asmâ€™ or â€˜__attribute__â€™ before â€˜*â€™ token
    _mysql.c:75: error: expected â€˜=â€™, â€˜,â€™, â€˜;â€™, â€˜asmâ€™ or â€˜__attribute__â€™ before â€˜*â€™ token
    _mysql.c:76: error: expected â€˜=â€™, â€˜,â€™, â€˜;â€™, â€˜asmâ€™ or â€˜__attribute__â€™ before â€˜*â€™ token
    _mysql.c:77: error: expected â€˜=â€™, â€˜,â€™, â€˜;â€™, â€˜asmâ€™ or â€˜__attribute__â€™ before â€˜*â€™ token
    _mysql.c:78: error: expected â€˜=â€™, â€˜,â€™, â€˜;â€™, â€˜asmâ€™ or â€˜__attribute__â€™ before â€˜*â€™ token
    _mysql.c:79: error: expected â€˜=â€™, â€˜,â€™, â€˜;â€™, â€˜asmâ€™ or â€˜__attribute__â€™ before â€˜*â€™ token
    _mysql.c:80: error: expected â€˜=â€™, â€˜,â€™, â€˜;â€™, â€˜asmâ€™ or â€˜__attribute__â€™ before â€˜*â€™ token
    _mysql.c:81: error: expected â€˜=â€™, â€˜,â€™, â€˜;â€™, â€˜asmâ€™ or â€˜__attribute__â€™ before â€˜*â€™ token
    _mysql.c:82: error: expected â€˜=â€™, â€˜,â€™, â€˜;â€™, â€˜asmâ€™ or â€˜__attribute__â€™ before â€˜*â€™ token
    _mysql.c:83: error: expected â€˜=â€™, â€˜,â€™, â€˜;â€™, â€˜asmâ€™ or â€˜__attribute__â€™ before â€˜*â€™ token
    _mysql.c:84: error: expected â€˜=â€™, â€˜,â€™, â€˜;â€™, â€˜asmâ€™ or â€˜__attribute__â€™ before â€˜*â€™ token
    _mysql.c:87: error: expected specifier-qualifier-list before â€˜PyObject_HEADâ€™
    _mysql.c:97: error: expected â€˜=â€™, â€˜,â€™, â€˜;â€™, â€˜asmâ€™ or â€˜__attribute__â€™ before â€˜_mysql_ConnectionObject_Typeâ€™
    _mysql.c:100: error: expected specifier-qualifier-list before â€˜PyObject_HEADâ€™
    _mysql.c:108: error: expected â€˜=â€™, â€˜,â€™, â€˜;â€™, â€˜asmâ€™ or â€˜__attribute__â€™ before â€˜_mysql_ResultObject_Typeâ€™
    _mysql.c:127: error: expected â€˜=â€™, â€˜,â€™, â€˜;â€™, â€˜asmâ€™ or â€˜__attribute__â€™ before â€˜*â€™ token
    _mysql.c:261: error: expected â€˜=â€™, â€˜,â€™, â€˜;â€™, â€˜asmâ€™ or â€˜__attribute__â€™ before â€˜*â€™ token
    _mysql.c:361: error: expected â€˜=â€™, â€˜,â€™, â€˜;â€™, â€˜asmâ€™ or â€˜__attribute__â€™ before â€˜*â€™ token
    _mysql.c:379: error: expected â€˜=â€™, â€˜,â€™, â€˜;â€™, â€˜asmâ€™ or â€˜__attribute__â€™ before â€˜*â€™ token
    _mysql.c:402: error: expected declaration specifiers or â€˜...â€™ before â€˜PyObjectâ€™
    _mysql.c:403: error: expected declaration specifiers or â€˜...â€™ before â€˜PyObjectâ€™
    _mysql.c: In function â€˜_mysql_ResultObject_Initializeâ€™:
    _mysql.c:405: error: â€˜NULLâ€™ undeclared (first use in this function)
    _mysql.c:405: error: (Each undeclared identifier is reported only once
    _mysql.c:405: error: for each function it appears in.)
    _mysql.c:407: warning: initialization from incompatible pointer type
    _mysql.c:409: error: â€˜PyObjectâ€™ undeclared (first use in this function)
    _mysql.c:409: error: â€˜convâ€™ undeclared (first use in this function)
    _mysql.c:409: error: invalid operands to binary * (have â€˜char **â€™ and â€˜char **â€™)
    _mysql.c:409: warning: statement with no effect
    _mysql.c:413: warning: implicit declaration of function â€˜PyArg_ParseTupleAndKeywordsâ€™
    _mysql.c:413: error: â€˜argsâ€™ undeclared (first use in this function)
    _mysql.c:413: error: â€˜kwargsâ€™ undeclared (first use in this function)
    _mysql.c:417: warning: implicit declaration of function â€˜PyDict_Newâ€™
    _mysql.c:421: warning: implicit declaration of function â€˜Py_INCREFâ€™
    _mysql.c:423: error: â€˜_mysql_ResultObjectâ€™ has no member named â€˜connâ€™
    _mysql.c:423: error: expected expression before â€˜)â€™ token
    _mysql.c:423: error: invalid operands to binary * (have â€˜char **â€™ and â€˜char **â€™)
    _mysql.c:423: warning: statement with no effect
    _mysql.c:425: error: â€˜_mysql_ResultObjectâ€™ has no member named â€˜useâ€™
    _mysql.c:425: warning: statement with no effect
    _mysql.c:426: error: â€˜Py_BEGIN_ALLOW_THREADSâ€™ undeclared (first use in this function)
    _mysql.c:426: warning: statement with no effect
    _mysql.c:428: error: â€˜_mysql_ConnectionObjectâ€™ has no member named â€˜connectionâ€™
    _mysql.c:428: warning: passing argument 1 of â€˜mysql_use_resultâ€™ from incompatible pointer type
    /usr/include/mysql/mysql.h:458: note: expected â€˜struct MYSQL *â€™ but argument is of type â€˜char * (*)[1]â€™
    _mysql.c:430: error: â€˜_mysql_ConnectionObjectâ€™ has no member named â€˜connectionâ€™
    _mysql.c:430: warning: passing argument 1 of â€˜mysql_store_resultâ€™ from incompatible pointer type
    /usr/include/mysql/mysql.h:457: note: expected â€˜struct MYSQL *â€™ but argument is of type â€˜char * (*)[1]â€™
    _mysql.c:431: error: â€˜_mysql_ResultObjectâ€™ has no member named â€˜resultâ€™
    _mysql.c:431: warning: statement with no effect
    _mysql.c:432: error: â€˜Py_END_ALLOW_THREADSâ€™ undeclared (first use in this function)
    _mysql.c:432: warning: statement with no effect
    _mysql.c:434: error: â€˜_mysql_ConnectionObjectâ€™ has no member named â€˜connectionâ€™
    _mysql.c:434: warning: passing argument 1 of â€˜mysql_field_countâ€™ from incompatible pointer type
    /usr/include/mysql/mysql.h:425: note: expected â€˜struct MYSQL *â€™ but argument is of type â€˜char * (*)[1]â€™
    _mysql.c:435: warning: implicit declaration of function â€˜_mysql_Exceptionâ€™
    _mysql.c:438: error: â€˜_mysql_ResultObjectâ€™ has no member named â€˜converterâ€™
    _mysql.c:438: warning: implicit declaration of function â€˜PyTuple_Newâ€™
    _mysql.c:438: warning: statement with no effect
    _mysql.c:439: warning: implicit declaration of function â€˜Py_DECREFâ€™
    _mysql.c:443: error: â€˜_mysql_ResultObjectâ€™ has no member named â€˜nfieldsâ€™
    _mysql.c:443: warning: statement with no effect
    _mysql.c:444: error: â€˜_mysql_ResultObjectâ€™ has no member named â€˜converterâ€™
    _mysql.c:450: error: â€˜tmpâ€™ undeclared (first use in this function)
    _mysql.c:450: error: invalid operands to binary * (have â€˜char **â€™ and â€˜char **â€™)
    _mysql.c:450: error: â€˜funâ€™ undeclared (first use in this function)
    _mysql.c:450: warning: left-hand operand of comma expression has no effect
    _mysql.c:450: warning: statement with no effect
    _mysql.c:451: warning: implicit declaration of function â€˜PyInt_FromLongâ€™
    _mysql.c:451: warning: statement with no effect
    _mysql.c:456: warning: implicit declaration of function â€˜PyObject_GetItemâ€™
    _mysql.c:456: warning: statement with no effect
    _mysql.c:459: warning: implicit declaration of function â€˜PyErr_Occurredâ€™
    _mysql.c:460: warning: implicit declaration of function â€˜PyErr_ExceptionMatchesâ€™
    _mysql.c:460: error: â€˜PyExc_KeyErrorâ€™ undeclared (first use in this function)
    _mysql.c:464: warning: implicit declaration of function â€˜PyErr_Clearâ€™
    _mysql.c:466: error: â€˜Py_Noneâ€™ undeclared (first use in this function)
    _mysql.c:466: warning: statement with no effect
    _mysql.c:469: warning: implicit declaration of function â€˜PySequence_Checkâ€™
    _mysql.c:470: warning: implicit declaration of function â€˜PySequence_Sizeâ€™
    _mysql.c:471: error: â€˜fun2â€™ undeclared (first use in this function)
    _mysql.c:471: error: invalid operands to binary * (have â€˜char **â€™ and â€˜char **â€™)
    _mysql.c:471: warning: statement with no effect
    _mysql.c:473: error: â€˜tâ€™ undeclared (first use in this function)
    _mysql.c:473: error: invalid operands to binary * (have â€˜char **â€™ and â€˜char **â€™)
    _mysql.c:473: warning: implicit declaration of function â€˜PySequence_GetItemâ€™
    _mysql.c:473: warning: statement with no effect
    _mysql.c:479: warning: implicit declaration of function â€˜PyTuple_Checkâ€™
    _mysql.c:479: warning: implicit declaration of function â€˜PyTuple_GET_SIZEâ€™
    _mysql.c:481: error: â€˜pmaskâ€™ undeclared (first use in this function)
    _mysql.c:481: error: invalid operands to binary * (have â€˜char **â€™ and â€˜char **â€™)
    _mysql.c:481: warning: statement with no effect
    _mysql.c:482: warning: implicit declaration of function â€˜PyTuple_GET_ITEMâ€™
    _mysql.c:482: warning: statement with no effect
    _mysql.c:483: warning: statement with no effect
    _mysql.c:484: warning: implicit declaration of function â€˜Py_XINCREFâ€™
    _mysql.c:485: warning: implicit declaration of function â€˜PyInt_Checkâ€™
    _mysql.c:486: warning: implicit declaration of function â€˜PyInt_AS_LONGâ€™
    _mysql.c:496: warning: statement with no effect
    _mysql.c:506: warning: statement with no effect
    _mysql.c:510: warning: statement with no effect
    _mysql.c:512: warning: implicit declaration of function â€˜PyTuple_SET_ITEMâ€™
    _mysql.c:512: error: â€˜_mysql_ResultObjectâ€™ has no member named â€˜converterâ€™
    _mysql.c: In function â€˜_mysql_ResultObject_clearâ€™:
    _mysql.c:538: warning: implicit declaration of function â€˜Py_XDECREFâ€™
    _mysql.c:538: error: â€˜_mysql_ResultObjectâ€™ has no member named â€˜converterâ€™
    _mysql.c:539: error: â€˜_mysql_ResultObjectâ€™ has no member named â€˜converterâ€™
    _mysql.c:539: error: â€˜NULLâ€™ undeclared (first use in this function)
    _mysql.c:539: warning: statement with no effect
    _mysql.c:540: error: â€˜_mysql_ResultObjectâ€™ has no member named â€˜connâ€™
    _mysql.c:541: error: â€˜_mysql_ResultObjectâ€™ has no member named â€˜connâ€™
    _mysql.c:541: warning: statement with no effect
    _mysql.c: At top level:
    _mysql.c:548: error: expected declaration specifiers or â€˜...â€™ before â€˜PyObjectâ€™
    _mysql.c:549: error: expected declaration specifiers or â€˜...â€™ before â€˜PyObjectâ€™
    _mysql.c: In function â€˜_mysql_ConnectionObject_Initializeâ€™:
    _mysql.c:551: error: â€˜NULLâ€™ undeclared (first use in this function)
    _mysql.c:551: warning: initialization from incompatible pointer type
    _mysql.c:552: error: â€˜PyObjectâ€™ undeclared (first use in this function)
    _mysql.c:552: error: â€˜convâ€™ undeclared (first use in this function)
    _mysql.c:552: error: invalid operands to binary * (have â€˜char **â€™ and â€˜char **â€™)
    _mysql.c:552: warning: statement with no effect
    _mysql.c:553: error: â€˜sslâ€™ undeclared (first use in this function)
    _mysql.c:553: error: invalid operands to binary * (have â€˜char **â€™ and â€˜char **â€™)
    _mysql.c:553: warning: statement with no effect
    _mysql.c:555: warning: initialization from incompatible pointer type
    _mysql.c:555: warning: initialization from incompatible pointer type
    _mysql.c:555: warning: initialization from incompatible pointer type
    _mysql.c:556: warning: initialization from incompatible pointer type
    _mysql.c:556: warning: initialization from incompatible pointer type
    _mysql.c:558: warning: initialization from incompatible pointer type
    _mysql.c:558: warning: initialization from incompatible pointer type
    _mysql.c:558: warning: initialization from incompatible pointer type
    _mysql.c:559: warning: initialization from incompatible pointer type
    _mysql.c:559: warning: initialization from incompatible pointer type
    _mysql.c:573: error: initializer element is not constant
    _mysql.c:573: error: (near initialization for â€˜kwlist[18]â€™)
    _mysql.c:580: warning: initialization from incompatible pointer type
    _mysql.c:581: warning: initialization from incompatible pointer type
    _mysql.c:582: warning: initialization from incompatible pointer type
    _mysql.c:584: error: â€˜_mysql_ConnectionObjectâ€™ has no member named â€˜converterâ€™
    _mysql.c:584: warning: statement with no effect
    _mysql.c:585: error: â€˜_mysql_ConnectionObjectâ€™ has no member named â€˜openâ€™
    _mysql.c:585: warning: statement with no effect
    _mysql.c:588: error: â€˜argsâ€™ undeclared (first use in this function)
    _mysql.c:588: error: â€˜kwargsâ€™ undeclared (first use in this function)
    _mysql.c:622: error: â€˜valueâ€™ undeclared (first use in this function)
    _mysql.c:622: error: invalid operands to binary * (have â€˜char **â€™ and â€˜char **â€™)
    _mysql.c:622: warning: statement with no effect
    _mysql.c:623: warning: implicit declaration of function â€˜PyMapping_GetItemStringâ€™
    _mysql.c:623: warning: statement with no effect
    _mysql.c:623: warning: implicit declaration of function â€˜PyString_AsStringâ€™
    _mysql.c:623: warning: assignment makes pointer from integer without a cast
    _mysql.c:624: warning: statement with no effect
    _mysql.c:624: warning: assignment makes pointer from integer without a cast
    _mysql.c:625: warning: statement with no effect
    _mysql.c:625: warning: assignment makes pointer from integer without a cast
    _mysql.c:626: warning: statement with no effect
    _mysql.c:626: warning: assignment makes pointer from integer without a cast
    _mysql.c:627: warning: statement with no effect
    _mysql.c:627: warning: assignment makes pointer from integer without a cast
    _mysql.c:635: error: â€˜Py_BEGIN_ALLOW_THREADSâ€™ undeclared (first use in this function)
    _mysql.c:635: warning: statement with no effect
    _mysql.c:636: error: â€˜_mysql_ConnectionObjectâ€™ has no member named â€˜connectionâ€™
    _mysql.c:636: warning: passing argument 1 of â€˜mysql_initâ€™ from incompatible pointer type
    /usr/include/mysql/mysql.h:437: note: expected â€˜struct MYSQL *â€™ but argument is of type â€˜char * (*)[1]â€™
    _mysql.c:639: error: â€˜_mysql_ConnectionObjectâ€™ has no member named â€˜connectionâ€™
    _mysql.c:640: warning: passing argument 1 of â€˜mysql_optionsâ€™ from incompatible pointer type
    /usr/include/mysql/mysql.h:543: note: expected â€˜struct MYSQL *â€™ but argument is of type â€˜char * (*)[1]â€™
    _mysql.c:645: error: â€˜_mysql_ConnectionObjectâ€™ has no member named â€˜connectionâ€™
    _mysql.c:646: warning: passing argument 1 of â€˜mysql_optionsâ€™ from incompatible pointer type
    /usr/include/mysql/mysql.h:543: note: expected â€˜struct MYSQL *â€™ but argument is of type â€˜char * (*)[1]â€™
    _mysql.c:650: error: â€˜_mysql_ConnectionObjectâ€™ has no member named â€˜connectionâ€™
    _mysql.c:651: warning: passing argument 1 of â€˜mysql_optionsâ€™ from incompatible pointer type
    /usr/include/mysql/mysql.h:543: note: expected â€˜struct MYSQL *â€™ but argument is of type â€˜char * (*)[1]â€™
    _mysql.c:655: error: â€˜_mysql_ConnectionObjectâ€™ has no member named â€˜connectionâ€™
    _mysql.c:655: warning: passing argument 1 of â€˜mysql_optionsâ€™ from incompatible pointer type
    /usr/include/mysql/mysql.h:543: note: expected â€˜struct MYSQL *â€™ but argument is of type â€˜char * (*)[1]â€™
    _mysql.c:659: error: â€˜_mysql_ConnectionObjectâ€™ has no member named â€˜connectionâ€™
    _mysql.c:659: warning: passing argument 1 of â€˜mysql_optionsâ€™ from incompatible pointer type
    /usr/include/mysql/mysql.h:543: note: expected â€˜struct MYSQL *â€™ but argument is of type â€˜char * (*)[1]â€™
    _mysql.c:660: warning: comparison of distinct pointer types lacks a cast
    _mysql.c:661: error: â€˜_mysql_ConnectionObjectâ€™ has no member named â€˜connectionâ€™
    _mysql.c:661: warning: passing argument 1 of â€˜mysql_optionsâ€™ from incompatible pointer type
    /usr/include/mysql/mysql.h:543: note: expected â€˜struct MYSQL *â€™ but argument is of type â€˜char * (*)[1]â€™
    _mysql.c:662: warning: comparison of distinct pointer types lacks a cast
    _mysql.c:663: error: â€˜_mysql_ConnectionObjectâ€™ has no member named â€˜connectionâ€™
    _mysql.c:663: warning: passing argument 1 of â€˜mysql_optionsâ€™ from incompatible pointer type
    /usr/include/mysql/mysql.h:543: note: expected â€˜struct MYSQL *â€™ but argument is of type â€˜char * (*)[1]â€™
    _mysql.c:664: warning: comparison of distinct pointer types lacks a cast
    _mysql.c:665: error: â€˜_mysql_ConnectionObjectâ€™ has no member named â€˜connectionâ€™
    _mysql.c:665: warning: passing argument 1 of â€˜mysql_optionsâ€™ from incompatible pointer type
    /usr/include/mysql/mysql.h:543: note: expected â€˜struct MYSQL *â€™ but argument is of type â€˜char * (*)[1]â€™
    _mysql.c:668: error: â€˜_mysql_ConnectionObjectâ€™ has no member named â€˜connectionâ€™
    _mysql.c:668: warning: passing argument 1 of â€˜mysql_optionsâ€™ from incompatible pointer type
    /usr/include/mysql/mysql.h:543: note: expected â€˜struct MYSQL *â€™ but argument is of type â€˜char * (*)[1]â€™
    _mysql.c:672: error: â€˜_mysql_ConnectionObjectâ€™ has no member named â€˜connectionâ€™
    _mysql.c:673: warning: passing argument 1 of â€˜mysql_ssl_setâ€™ from incompatible pointer type
    /usr/include/mysql/mysql.h:438: note: expected â€˜struct MYSQL *â€™ but argument is of type â€˜char * (*)[1]â€™
    _mysql.c:676: error: â€˜_mysql_ConnectionObjectâ€™ has no member named â€˜connectionâ€™
    _mysql.c:677: warning: passing argument 1 of â€˜mysql_real_connectâ€™ from incompatible pointer type
    /usr/include/mysql/mysql.h:444: note: expected â€˜struct MYSQL *â€™ but argument is of type â€˜char * (*)[1]â€™
    _mysql.c:679: error: â€˜Py_END_ALLOW_THREADSâ€™ undeclared (first use in this function)
    _mysql.c:679: warning: statement with no effect
    _mysql.c:688: warning: statement with no effect
    _mysql.c:694: error: â€˜_mysql_ConnectionObjectâ€™ has no member named â€˜converterâ€™
    _mysql.c:694: warning: statement with no effect
    _mysql.c:702: error: â€˜_mysql_ConnectionObjectâ€™ has no member named â€˜openâ€™
    _mysql.c:702: warning: statement with no effect
    _mysql.c: At top level:
    _mysql.c:760: error: expected â€˜=â€™, â€˜,â€™, â€˜;â€™, â€˜asmâ€™ or â€˜__attribute__â€™ before â€˜*â€™ token
    _mysql.c: In function â€˜_mysql_ConnectionObject_clearâ€™:
    _mysql.c:792: error: â€˜_mysql_ConnectionObjectâ€™ has no member named â€˜converterâ€™
    _mysql.c:793: error: â€˜_mysql_ConnectionObjectâ€™ has no member named â€˜converterâ€™
    _mysql.c:793: error: â€˜NULLâ€™ undeclared (first use in this function)
    _mysql.c:793: warning: statement with no effect
    _mysql.c: At top level:
    _mysql.c:800: error: expected â€˜=â€™, â€˜,â€™, â€˜;â€™, â€˜asmâ€™ or â€˜__attribute__â€™ before â€˜*â€™ token
    _mysql.c:828: error: expected â€˜=â€™, â€˜,â€™, â€˜;â€™, â€˜asmâ€™ or â€˜__attribute__â€™ before â€˜*â€™ token
    _mysql.c:844: error: expected â€˜=â€™, â€˜,â€™, â€˜;â€™, â€˜asmâ€™ or â€˜__attribute__â€™ before â€˜*â€™ token
    _mysql.c:862: error: expected â€˜=â€™, â€˜,â€™, â€˜;â€™, â€˜asmâ€™ or â€˜__attribute__â€™ before â€˜*â€™ token
    _mysql.c:881: error: expected â€˜=â€™, â€˜,â€™, â€˜;â€™, â€˜asmâ€™ or â€˜__attribute__â€™ before â€˜*â€™ token
    _mysql.c:907: error: expected â€˜=â€™, â€˜,â€™, â€˜;â€™, â€˜asmâ€™ or â€˜__attribute__â€™ before â€˜*â€™ token
    _mysql.c:921: error: expected â€˜=â€™, â€˜,â€™, â€˜;â€™, â€˜asmâ€™ or â€˜__attribute__â€™ before â€˜*â€™ token
    _mysql.c:943: error: expected â€˜=â€™, â€˜,â€™, â€˜;â€™, â€˜asmâ€™ or â€˜__attribute__â€™ before â€˜*â€™ token
    _mysql.c:975: error: expected â€˜=â€™, â€˜,â€™, â€˜;â€™, â€˜asmâ€™ or â€˜__attribute__â€™ before â€˜*â€™ token
    _mysql.c:1001: error: expected â€˜=â€™, â€˜,â€™, â€˜;â€™, â€˜asmâ€™ or â€˜__attribute__â€™ before â€˜*â€™ token
    _mysql.c:1028: error: expected â€˜=â€™, â€˜,â€™, â€˜;â€™, â€˜asmâ€™ or â€˜__attribute__â€™ before â€˜*â€™ token
    _mysql.c:1047: error: expected â€˜=â€™, â€˜,â€™, â€˜;â€™, â€˜asmâ€™ or â€˜__attribute__â€™ before â€˜*â€™ token
    _mysql.c:1064: error: expected â€˜=â€™, â€˜,â€™, â€˜;â€™, â€˜asmâ€™ or â€˜__attribute__â€™ before â€˜*â€™ token
    _mysql.c:1080: error: expected â€˜=â€™, â€˜,â€™, â€˜;â€™, â€˜asmâ€™ or â€˜__attribute__â€™ before â€˜*â€™ token
    _mysql.c:1102: error: expected â€˜=â€™, â€˜,â€™, â€˜;â€™, â€˜asmâ€™ or â€˜__attribute__â€™ before â€˜*â€™ token
    _mysql.c:1149: error: expected â€˜=â€™, â€˜,â€™, â€˜;â€™, â€˜asmâ€™ or â€˜__attribute__â€™ before â€˜*â€™ token
    _mysql.c:1192: error: expected â€˜=â€™, â€˜,â€™, â€˜;â€™, â€˜asmâ€™ or â€˜__attribute__â€™ before â€˜*â€™ token
    _mysql.c:1194: error: expected â€˜=â€™, â€˜,â€™, â€˜;â€™, â€˜asmâ€™ or â€˜__attribute__â€™ before â€˜*â€™ token
    _mysql.c:1230: error: expected â€˜=â€™, â€˜,â€™, â€˜;â€™, â€˜asmâ€™ or â€˜__attribute__â€™ before â€˜*â€™ token
    _mysql.c:1260: error: expected â€˜=â€™, â€˜,â€™, â€˜;â€™, â€˜asmâ€™ or â€˜__attribute__â€™ before â€˜*â€™ token
    _mysql.c:1294: error: expected â€˜=â€™, â€˜,â€™, â€˜;â€™, â€˜asmâ€™ or â€˜__attribute__â€™ before â€˜*â€™ token
    _mysql.c:1326: error: expected â€˜=â€™, â€˜,â€™, â€˜;â€™, â€˜asmâ€™ or â€˜__attribute__â€™ before â€˜*â€™ token
    _mysql.c:1362: error: expected â€˜=â€™, â€˜,â€™, â€˜;â€™, â€˜asmâ€™ or â€˜__attribute__â€™ before â€˜*â€™ token
    _mysql.c:1386: error: expected â€˜=â€™, â€˜,â€™, â€˜;â€™, â€˜asmâ€™ or â€˜__attribute__â€™ before â€˜*â€™ token
    _mysql.c:1416: error: expected â€˜=â€™, â€˜,â€™, â€˜;â€™, â€˜asmâ€™ or â€˜__attribute__â€™ before â€˜*â€™ token
    _mysql.c:1441: error: expected â€˜=â€™, â€˜,â€™, â€˜;â€™, â€˜asmâ€™ or â€˜__attribute__â€™ before â€˜*â€™ token
    _mysql.c:1480: error: expected â€˜=â€™, â€˜,â€™, â€˜;â€™, â€˜asmâ€™ or â€˜__attribute__â€™ before â€˜*â€™ token
    _mysql.c:1519: error: expected â€˜=â€™, â€˜,â€™, â€˜;â€™, â€˜asmâ€™ or â€˜__attribute__â€™ before â€˜*â€™ token
    _mysql.c:1524: error: expected declaration specifiers or â€˜...â€™ before â€˜PyObjectâ€™
    _mysql.c:1527: error: expected declaration specifiers or â€˜...â€™ before â€˜_PYFUNCâ€™
    _mysql.c: In function â€˜_mysql__fetch_rowâ€™:
    _mysql.c:1533: error: â€˜PyObjectâ€™ undeclared (first use in this function)
    _mysql.c:1533: error: â€˜vâ€™ undeclared (first use in this function)
    _mysql.c:1533: error: invalid operands to binary * (have â€˜char **â€™ and â€˜char **â€™)
    _mysql.c:1533: warning: statement with no effect
    _mysql.c:1534: error: â€˜_mysql_ResultObjectâ€™ has no member named â€˜useâ€™
    _mysql.c:1535: error: â€˜_mysql_ResultObjectâ€™ has no member named â€˜resultâ€™
    _mysql.c:1535: warning: passing argument 1 of â€˜mysql_fetch_rowâ€™ from incompatible pointer type
    /usr/include/mysql/mysql.h:552: note: expected â€˜struct MYSQL_RES *â€™ but argument is of type â€˜char **â€™
    _mysql.c:1537: error: â€˜Py_BEGIN_ALLOW_THREADSâ€™ undeclared (first use in this function)
    _mysql.c:1537: warning: statement with no effect
    _mysql.c:1538: error: â€˜_mysql_ResultObjectâ€™ has no member named â€˜resultâ€™
    _mysql.c:1538: warning: passing argument 1 of â€˜mysql_fetch_rowâ€™ from incompatible pointer type
    /usr/include/mysql/mysql.h:552: note: expected â€˜struct MYSQL_RES *â€™ but argument is of type â€˜char **â€™
    _mysql.c:1539: error: â€˜Py_END_ALLOW_THREADSâ€™ undeclared (first use in this function)
    _mysql.c:1539: warning: statement with no effect
    _mysql.c:1541: error: â€˜_mysql_ResultObjectâ€™ has no member named â€˜connâ€™
    _mysql.c:1541: error: â€˜_mysql_ConnectionObjectâ€™ has no member named â€˜connectionâ€™
    _mysql.c:1541: warning: passing argument 1 of â€˜mysql_errnoâ€™ from incompatible pointer type
    /usr/include/mysql/mysql.h:428: note: expected â€˜struct MYSQL *â€™ but argument is of type â€˜char * (*)[1]â€™
    _mysql.c:1542: error: â€˜_mysql_ResultObjectâ€™ has no member named â€˜connâ€™
    _mysql.c:1546: warning: implicit declaration of function â€˜_PyTuple_Resizeâ€™
    _mysql.c:1546: error: â€˜râ€™ undeclared (first use in this function)
    _mysql.c:1549: warning: implicit declaration of function â€˜convert_rowâ€™
    _mysql.c:1549: warning: statement with no effect
    _mysql.c: At top level:
    _mysql.c:1567: error: expected â€˜=â€™, â€˜,â€™, â€˜;â€™, â€˜asmâ€™ or â€˜__attribute__â€™ before â€˜*â€™ token
    _mysql.c:1646: error: expected â€˜=â€™, â€˜,â€™, â€˜;â€™, â€˜asmâ€™ or â€˜__attribute__â€™ before â€˜*â€™ token
    _mysql.c:1674: error: expected â€˜=â€™, â€˜,â€™, â€˜;â€™, â€˜asmâ€™ or â€˜__attribute__â€™ before â€˜*â€™ token
    _mysql.c:1700: error: expected â€˜=â€™, â€˜,â€™, â€˜;â€™, â€˜asmâ€™ or â€˜__attribute__â€™ before â€˜*â€™ token
    _mysql.c:1740: error: expected â€˜=â€™, â€˜,â€™, â€˜;â€™, â€˜asmâ€™ or â€˜__attribute__â€™ before â€˜*â€™ token
    _mysql.c:1782: error: expected â€˜=â€™, â€˜,â€™, â€˜;â€™, â€˜asmâ€™ or â€˜__attribute__â€™ before â€˜*â€™ token
    _mysql.c:1801: error: expected â€˜=â€™, â€˜,â€™, â€˜;â€™, â€˜asmâ€™ or â€˜__attribute__â€™ before â€˜*â€™ token
    _mysql.c:1820: error: expected â€˜=â€™, â€˜,â€™, â€˜;â€™, â€˜asmâ€™ or â€˜__attribute__â€™ before â€˜*â€™ token
    _mysql.c:1835: error: expected â€˜=â€™, â€˜,â€™, â€˜;â€™, â€˜asmâ€™ or â€˜__attribute__â€™ before â€˜*â€™ token
    _mysql.c:1855: error: expected â€˜=â€™, â€˜,â€™, â€˜;â€™, â€˜asmâ€™ or â€˜__attribute__â€™ before â€˜*â€™ token
    _mysql.c:1894: error: expected â€˜=â€™, â€˜,â€™, â€˜;â€™, â€˜asmâ€™ or â€˜__attribute__â€™ before â€˜*â€™ token
    _mysql.c:1912: error: expected â€˜=â€™, â€˜,â€™, â€˜;â€™, â€˜asmâ€™ or â€˜__attribute__â€™ before â€˜*â€™ token
    _mysql.c:1935: error: expected â€˜=â€™, â€˜,â€™, â€˜;â€™, â€˜asmâ€™ or â€˜__attribute__â€™ before â€˜*â€™ token
    _mysql.c:1952: error: expected â€˜=â€™, â€˜,â€™, â€˜;â€™, â€˜asmâ€™ or â€˜__attribute__â€™ before â€˜*â€™ token
    _mysql.c:1968: error: expected â€˜=â€™, â€˜,â€™, â€˜;â€™, â€˜asmâ€™ or â€˜__attribute__â€™ before â€˜*â€™ token
    _mysql.c:1997: error: expected â€˜=â€™, â€˜,â€™, â€˜;â€™, â€˜asmâ€™ or â€˜__attribute__â€™ before â€˜*â€™ token
    _mysql.c:2020: error: expected â€˜=â€™, â€˜,â€™, â€˜;â€™, â€˜asmâ€™ or â€˜__attribute__â€™ before â€˜*â€™ token
    _mysql.c:2050: error: expected â€˜=â€™, â€˜,â€™, â€˜;â€™, â€˜asmâ€™ or â€˜__attribute__â€™ before â€˜*â€™ token
    _mysql.c:2072: error: expected â€˜=â€™, â€˜,â€™, â€˜;â€™, â€˜asmâ€™ or â€˜__attribute__â€™ before â€˜*â€™ token
    _mysql.c:2099: error: expected â€˜=â€™, â€˜,â€™, â€˜;â€™, â€˜asmâ€™ or â€˜__attribute__â€™ before â€˜*â€™ token
    _mysql.c:2125: error: expected â€˜=â€™, â€˜,â€™, â€˜;â€™, â€˜asmâ€™ or â€˜__attribute__â€™ before â€˜*â€™ token
    _mysql.c:2166: error: expected â€˜=â€™, â€˜,â€™, â€˜;â€™, â€˜asmâ€™ or â€˜__attribute__â€™ before â€˜*â€™ token
    _mysql.c:2186: error: expected â€˜=â€™, â€˜,â€™, â€˜;â€™, â€˜asmâ€™ or â€˜__attribute__â€™ before â€˜*â€™ token
    _mysql.c: In function â€˜_mysql_ConnectionObject_deallocâ€™:
    _mysql.c:2220: error: â€˜PyObjectâ€™ undeclared (first use in this function)
    _mysql.c:2220: error: â€˜oâ€™ undeclared (first use in this function)
    _mysql.c:2220: error: invalid operands to binary * (have â€˜char **â€™ and â€˜char **â€™)
    _mysql.c:2220: warning: statement with no effect
    _mysql.c:2223: error: â€˜_mysql_ConnectionObjectâ€™ has no member named â€˜openâ€™
    _mysql.c:2224: warning: implicit declaration of function â€˜_mysql_ConnectionObject_closeâ€™
    _mysql.c:2224: error: â€˜NULLâ€™ undeclared (first use in this function)
    _mysql.c:2224: warning: statement with no effect
    _mysql.c:2227: warning: implicit declaration of function â€˜PyMem_Freeâ€™
    _mysql.c: At top level:
    _mysql.c:2230: error: expected â€˜=â€™, â€˜,â€™, â€˜;â€™, â€˜asmâ€™ or â€˜__attribute__â€™ before â€˜*â€™ token
    _mysql.c:2251: error: expected â€˜=â€™, â€˜,â€™, â€˜;â€™, â€˜asmâ€™ or â€˜__attribute__â€™ before â€˜*â€™ token
    _mysql.c:2266: error: expected â€˜=â€™, â€˜,â€™, â€˜;â€™, â€˜asmâ€™ or â€˜__attribute__â€™ before â€˜*â€™ token
    _mysql.c:2288: error: expected â€˜=â€™, â€˜,â€™, â€˜;â€™, â€˜asmâ€™ or â€˜__attribute__â€™ before â€˜*â€™ token
    _mysql.c: In function â€˜_mysql_ResultObject_deallocâ€™:
    _mysql.c:2310: error: â€˜_mysql_ResultObjectâ€™ has no member named â€˜resultâ€™
    _mysql.c:2310: warning: passing argument 1 of â€˜mysql_free_resultâ€™ from incompatible pointer type
    /usr/include/mysql/mysql.h:545: note: expected â€˜struct MYSQL_RES *â€™ but argument is of type â€˜char **â€™
    _mysql.c: At top level:
    _mysql.c:2315: error: expected â€˜=â€™, â€˜,â€™, â€˜;â€™, â€˜asmâ€™ or â€˜__attribute__â€™ before â€˜*â€™ token
    _mysql.c:2329: error: expected â€˜=â€™, â€˜,â€™, â€˜;â€™, â€˜asmâ€™ or â€˜__attribute__â€™ before â€˜_mysql_ConnectionObject_methodsâ€™
    _mysql.c:2550: error: array type has incomplete element type
    _mysql.c:2551: error: â€˜T_INTâ€™ undeclared here (not in a function)
    _mysql.c:2551: warning: implicit declaration of function â€˜offsetofâ€™
    _mysql.c:2551: error: expected expression before â€˜_mysql_ConnectionObjectâ€™
    _mysql.c:2551: error: â€˜READONLYâ€™ undeclared here (not in a function)
    _mysql.c:2558: error: â€˜T_OBJECTâ€™ undeclared here (not in a function)
    _mysql.c:2558: error: expected expression before â€˜_mysql_ConnectionObjectâ€™
    _mysql.c:2565: error: â€˜T_UINTâ€™ undeclared here (not in a function)
    _mysql.c:2565: error: expected expression before â€˜_mysql_ConnectionObjectâ€™
    _mysql.c:2572: error: expected expression before â€˜_mysql_ConnectionObjectâ€™
    _mysql.c:2579: error: expected expression before â€˜_mysql_ConnectionObjectâ€™
    _mysql.c:2586: error: â€˜NULLâ€™ undeclared here (not in a function)
    _mysql.c:2589: error: expected â€˜=â€™, â€˜,â€™, â€˜;â€™, â€˜asmâ€™ or â€˜__attribute__â€™ before â€˜_mysql_ResultObject_methodsâ€™
    _mysql.c:2641: error: array type has incomplete element type
    _mysql.c:2642: error: expected expression before â€˜_mysql_ResultObjectâ€™
    _mysql.c:2652: error: expected â€˜=â€™, â€˜,â€™, â€˜;â€™, â€˜asmâ€™ or â€˜__attribute__â€™ before â€˜*â€™ token
    _mysql.c:2682: error: expected â€˜=â€™, â€˜,â€™, â€˜;â€™, â€˜asmâ€™ or â€˜__attribute__â€™ before â€˜*â€™ token
    _mysql.c:2714: error: expected declaration specifiers or â€˜...â€™ before â€˜PyObjectâ€™
    _mysql.c: In function â€˜_mysql_ConnectionObject_setattrâ€™:
    _mysql.c:2716: error: â€˜vâ€™ undeclared (first use in this function)
    _mysql.c:2717: warning: implicit declaration of function â€˜PyErr_SetStringâ€™
    _mysql.c:2717: error: â€˜PyExc_AttributeErrorâ€™ undeclared (first use in this function)
    _mysql.c:2722: warning: implicit declaration of function â€˜PyMember_Setâ€™
    _mysql.c: At top level:
    _mysql.c:2739: error: expected declaration specifiers or â€˜...â€™ before â€˜PyObjectâ€™
    _mysql.c: In function â€˜_mysql_ResultObject_setattrâ€™:
    _mysql.c:2741: error: â€˜vâ€™ undeclared (first use in this function)
    _mysql.c:2742: error: â€˜PyExc_AttributeErrorâ€™ undeclared (first use in this function)
    _mysql.c: At top level:
    _mysql.c:2760: error: expected â€˜=â€™, â€˜,â€™, â€˜;â€™, â€˜asmâ€™ or â€˜__attribute__â€™ before â€˜_mysql_ConnectionObject_Typeâ€™
    _mysql.c:2848: error: expected â€˜=â€™, â€˜,â€™, â€˜;â€™, â€˜asmâ€™ or â€˜__attribute__â€™ before â€˜_mysql_ResultObject_Typeâ€™
    _mysql.c:2938: error: expected â€˜=â€™, â€˜,â€™, â€˜;â€™, â€˜asmâ€™ or â€˜__attribute__â€™ before â€˜_mysql_methodsâ€™
    _mysql.c:3010: error: expected â€˜=â€™, â€˜,â€™, â€˜;â€™, â€˜asmâ€™ or â€˜__attribute__â€™ before â€˜*â€™ token
    _mysql.c:3058: warning: return type defaults to â€˜intâ€™
    _mysql.c: In function â€˜DL_EXPORTâ€™:
    _mysql.c:3058: error: expected declaration specifiers before â€˜init_mysqlâ€™
    _mysql.c:3166: error: expected â€˜{â€™ at end of input
    error: command 'gcc' failed with exit status 1
    Complete output from command /usr/bin/python -c "import setuptools;__file__='/tmp/pip-build-root/MySQL-python/setup.py';exec(compile(open(__file__).read().replace('\r\n', '\n'), __file__, 'exec'))" install --record /tmp/pip-U4TgHp-record/install-record.txt --single-version-externally-managed:
    running install

running build

running build_py

copying MySQLdb/release.py -> build/lib.linux-x86_64-2.6/MySQLdb

running build_ext

building '_mysql' extension

gcc -pthread -fno-strict-aliasing -O2 -g -pipe -Wall -Wp,-D_FORTIFY_SOURCE=2 -fexceptions -fstack-protector --param=ssp-buffer-size=4 -m64 -mtune=generic -D_GNU_SOURCE -fPIC -fwrapv -DNDEBUG -O2 -g -pipe -Wall -Wp,-D_FORTIFY_SOURCE=2 -fexceptions -fstack-protector --param=ssp-buffer-size=4 -m64 -mtune=generic -D_GNU_SOURCE -fPIC -fwrapv -fPIC -Dversion_info=(1,2,5,'final',1) -D__version__=1.2.5 -I/usr/include/mysql -I/usr/include/python2.6 -c _mysql.c -o build/temp.linux-x86_64-2.6/_mysql.o -g -pipe -Wp,-D_FORTIFY_SOURCE=2 -fexceptions -fstack-protector --param=ssp-buffer-size=4 -m64 -D_GNU_SOURCE -D_FILE_OFFSET_BITS=64 -D_LARGEFILE_SOURCE -fno-strict-aliasing -fwrapv -fPIC -DUNIV_LINUX -DUNIV_LINUX

_mysql.c:29:20: error: Python.h: No such file or directory

_mysql.c:40:26: error: structmember.h: No such file or directory

_mysql.c:74: error: expected â€˜=â€™, â€˜,â€™, â€˜;â€™, â€˜asmâ€™ or â€˜__attribute__â€™ before â€˜*â€™ token

_mysql.c:75: error: expected â€˜=â€™, â€˜,â€™, â€˜;â€™, â€˜asmâ€™ or â€˜__attribute__â€™ before â€˜*â€™ token

_mysql.c:76: error: expected â€˜=â€™, â€˜,â€™, â€˜;â€™, â€˜asmâ€™ or â€˜__attribute__â€™ before â€˜*â€™ token

_mysql.c:77: error: expected â€˜=â€™, â€˜,â€™, â€˜;â€™, â€˜asmâ€™ or â€˜__attribute__â€™ before â€˜*â€™ token

_mysql.c:78: error: expected â€˜=â€™, â€˜,â€™, â€˜;â€™, â€˜asmâ€™ or â€˜__attribute__â€™ before â€˜*â€™ token

_mysql.c:79: error: expected â€˜=â€™, â€˜,â€™, â€˜;â€™, â€˜asmâ€™ or â€˜__attribute__â€™ before â€˜*â€™ token

_mysql.c:80: error: expected â€˜=â€™, â€˜,â€™, â€˜;â€™, â€˜asmâ€™ or â€˜__attribute__â€™ before â€˜*â€™ token

_mysql.c:81: error: expected â€˜=â€™, â€˜,â€™, â€˜;â€™, â€˜asmâ€™ or â€˜__attribute__â€™ before â€˜*â€™ token

_mysql.c:82: error: expected â€˜=â€™, â€˜,â€™, â€˜;â€™, â€˜asmâ€™ or â€˜__attribute__â€™ before â€˜*â€™ token

_mysql.c:83: error: expected â€˜=â€™, â€˜,â€™, â€˜;â€™, â€˜asmâ€™ or â€˜__attribute__â€™ before â€˜*â€™ token

_mysql.c:84: error: expected â€˜=â€™, â€˜,â€™, â€˜;â€™, â€˜asmâ€™ or â€˜__attribute__â€™ before â€˜*â€™ token

_mysql.c:87: error: expected specifier-qualifier-list before â€˜PyObject_HEADâ€™

_mysql.c:97: error: expected â€˜=â€™, â€˜,â€™, â€˜;â€™, â€˜asmâ€™ or â€˜__attribute__â€™ before â€˜_mysql_ConnectionObject_Typeâ€™

_mysql.c:100: error: expected specifier-qualifier-list before â€˜PyObject_HEADâ€™

_mysql.c:108: error: expected â€˜=â€™, â€˜,â€™, â€˜;â€™, â€˜asmâ€™ or â€˜__attribute__â€™ before â€˜_mysql_ResultObject_Typeâ€™

_mysql.c:127: error: expected â€˜=â€™, â€˜,â€™, â€˜;â€™, â€˜asmâ€™ or â€˜__attribute__â€™ before â€˜*â€™ token

_mysql.c:261: error: expected â€˜=â€™, â€˜,â€™, â€˜;â€™, â€˜asmâ€™ or â€˜__attribute__â€™ before â€˜*â€™ token

_mysql.c:361: error: expected â€˜=â€™, â€˜,â€™, â€˜;â€™, â€˜asmâ€™ or â€˜__attribute__â€™ before â€˜*â€™ token

_mysql.c:379: error: expected â€˜=â€™, â€˜,â€™, â€˜;â€™, â€˜asmâ€™ or â€˜__attribute__â€™ before â€˜*â€™ token

_mysql.c:402: error: expected declaration specifiers or â€˜...â€™ before â€˜PyObjectâ€™

_mysql.c:403: error: expected declaration specifiers or â€˜...â€™ before â€˜PyObjectâ€™

_mysql.c: In function â€˜_mysql_ResultObject_Initializeâ€™:

_mysql.c:405: error: â€˜NULLâ€™ undeclared (first use in this function)

_mysql.c:405: error: (Each undeclared identifier is reported only once

_mysql.c:405: error: for each function it appears in.)

_mysql.c:407: warning: initialization from incompatible pointer type

_mysql.c:409: error: â€˜PyObjectâ€™ undeclared (first use in this function)

_mysql.c:409: error: â€˜convâ€™ undeclared (first use in this function)

_mysql.c:409: error: invalid operands to binary * (have â€˜char **â€™ and â€˜char **â€™)

_mysql.c:409: warning: statement with no effect

_mysql.c:413: warning: implicit declaration of function â€˜PyArg_ParseTupleAndKeywordsâ€™

_mysql.c:413: error: â€˜argsâ€™ undeclared (first use in this function)

_mysql.c:413: error: â€˜kwargsâ€™ undeclared (first use in this function)

_mysql.c:417: warning: implicit declaration of function â€˜PyDict_Newâ€™

_mysql.c:421: warning: implicit declaration of function â€˜Py_INCREFâ€™

_mysql.c:423: error: â€˜_mysql_ResultObjectâ€™ has no member named â€˜connâ€™

_mysql.c:423: error: expected expression before â€˜)â€™ token

_mysql.c:423: error: invalid operands to binary * (have â€˜char **â€™ and â€˜char **â€™)

_mysql.c:423: warning: statement with no effect

_mysql.c:425: error: â€˜_mysql_ResultObjectâ€™ has no member named â€˜useâ€™

_mysql.c:425: warning: statement with no effect

_mysql.c:426: error: â€˜Py_BEGIN_ALLOW_THREADSâ€™ undeclared (first use in this function)

_mysql.c:426: warning: statement with no effect

_mysql.c:428: error: â€˜_mysql_ConnectionObjectâ€™ has no member named â€˜connectionâ€™

_mysql.c:428: warning: passing argument 1 of â€˜mysql_use_resultâ€™ from incompatible pointer type

/usr/include/mysql/mysql.h:458: note: expected â€˜struct MYSQL *â€™ but argument is of type â€˜char * (*)[1]â€™

_mysql.c:430: error: â€˜_mysql_ConnectionObjectâ€™ has no member named â€˜connectionâ€™

_mysql.c:430: warning: passing argument 1 of â€˜mysql_store_resultâ€™ from incompatible pointer type

/usr/include/mysql/mysql.h:457: note: expected â€˜struct MYSQL *â€™ but argument is of type â€˜char * (*)[1]â€™

_mysql.c:431: error: â€˜_mysql_ResultObjectâ€™ has no member named â€˜resultâ€™

_mysql.c:431: warning: statement with no effect

_mysql.c:432: error: â€˜Py_END_ALLOW_THREADSâ€™ undeclared (first use in this function)

_mysql.c:432: warning: statement with no effect

_mysql.c:434: error: â€˜_mysql_ConnectionObjectâ€™ has no member named â€˜connectionâ€™

_mysql.c:434: warning: passing argument 1 of â€˜mysql_field_countâ€™ from incompatible pointer type

/usr/include/mysql/mysql.h:425: note: expected â€˜struct MYSQL *â€™ but argument is of type â€˜char * (*)[1]â€™

_mysql.c:435: warning: implicit declaration of function â€˜_mysql_Exceptionâ€™

_mysql.c:438: error: â€˜_mysql_ResultObjectâ€™ has no member named â€˜converterâ€™

_mysql.c:438: warning: implicit declaration of function â€˜PyTuple_Newâ€™

_mysql.c:438: warning: statement with no effect

_mysql.c:439: warning: implicit declaration of function â€˜Py_DECREFâ€™

_mysql.c:443: error: â€˜_mysql_ResultObjectâ€™ has no member named â€˜nfieldsâ€™

_mysql.c:443: warning: statement with no effect

_mysql.c:444: error: â€˜_mysql_ResultObjectâ€™ has no member named â€˜converterâ€™

_mysql.c:450: error: â€˜tmpâ€™ undeclared (first use in this function)

_mysql.c:450: error: invalid operands to binary * (have â€˜char **â€™ and â€˜char **â€™)

_mysql.c:450: error: â€˜funâ€™ undeclared (first use in this function)

_mysql.c:450: warning: left-hand operand of comma expression has no effect

_mysql.c:450: warning: statement with no effect

_mysql.c:451: warning: implicit declaration of function â€˜PyInt_FromLongâ€™

_mysql.c:451: warning: statement with no effect

_mysql.c:456: warning: implicit declaration of function â€˜PyObject_GetItemâ€™

_mysql.c:456: warning: statement with no effect

_mysql.c:459: warning: implicit declaration of function â€˜PyErr_Occurredâ€™

_mysql.c:460: warning: implicit declaration of function â€˜PyErr_ExceptionMatchesâ€™

_mysql.c:460: error: â€˜PyExc_KeyErrorâ€™ undeclared (first use in this function)

_mysql.c:464: warning: implicit declaration of function â€˜PyErr_Clearâ€™

_mysql.c:466: error: â€˜Py_Noneâ€™ undeclared (first use in this function)

_mysql.c:466: warning: statement with no effect

_mysql.c:469: warning: implicit declaration of function â€˜PySequence_Checkâ€™

_mysql.c:470: warning: implicit declaration of function â€˜PySequence_Sizeâ€™

_mysql.c:471: error: â€˜fun2â€™ undeclared (first use in this function)

_mysql.c:471: error: invalid operands to binary * (have â€˜char **â€™ and â€˜char **â€™)

_mysql.c:471: warning: statement with no effect

_mysql.c:473: error: â€˜tâ€™ undeclared (first use in this function)

_mysql.c:473: error: invalid operands to binary * (have â€˜char **â€™ and â€˜char **â€™)

_mysql.c:473: warning: implicit declaration of function â€˜PySequence_GetItemâ€™

_mysql.c:473: warning: statement with no effect

_mysql.c:479: warning: implicit declaration of function â€˜PyTuple_Checkâ€™

_mysql.c:479: warning: implicit declaration of function â€˜PyTuple_GET_SIZEâ€™

_mysql.c:481: error: â€˜pmaskâ€™ undeclared (first use in this function)

_mysql.c:481: error: invalid operands to binary * (have â€˜char **â€™ and â€˜char **â€™)

_mysql.c:481: warning: statement with no effect

_mysql.c:482: warning: implicit declaration of function â€˜PyTuple_GET_ITEMâ€™

_mysql.c:482: warning: statement with no effect

_mysql.c:483: warning: statement with no effect

_mysql.c:484: warning: implicit declaration of function â€˜Py_XINCREFâ€™

_mysql.c:485: warning: implicit declaration of function â€˜PyInt_Checkâ€™

_mysql.c:486: warning: implicit declaration of function â€˜PyInt_AS_LONGâ€™

_mysql.c:496: warning: statement with no effect

_mysql.c:506: warning: statement with no effect

_mysql.c:510: warning: statement with no effect

_mysql.c:512: warning: implicit declaration of function â€˜PyTuple_SET_ITEMâ€™

_mysql.c:512: error: â€˜_mysql_ResultObjectâ€™ has no member named â€˜converterâ€™

_mysql.c: In function â€˜_mysql_ResultObject_clearâ€™:

_mysql.c:538: warning: implicit declaration of function â€˜Py_XDECREFâ€™

_mysql.c:538: error: â€˜_mysql_ResultObjectâ€™ has no member named â€˜converterâ€™

_mysql.c:539: error: â€˜_mysql_ResultObjectâ€™ has no member named â€˜converterâ€™

_mysql.c:539: error: â€˜NULLâ€™ undeclared (first use in this function)

_mysql.c:539: warning: statement with no effect

_mysql.c:540: error: â€˜_mysql_ResultObjectâ€™ has no member named â€˜connâ€™

_mysql.c:541: error: â€˜_mysql_ResultObjectâ€™ has no member named â€˜connâ€™

_mysql.c:541: warning: statement with no effect

_mysql.c: At top level:

_mysql.c:548: error: expected declaration specifiers or â€˜...â€™ before â€˜PyObjectâ€™

_mysql.c:549: error: expected declaration specifiers or â€˜...â€™ before â€˜PyObjectâ€™

_mysql.c: In function â€˜_mysql_ConnectionObject_Initializeâ€™:

_mysql.c:551: error: â€˜NULLâ€™ undeclared (first use in this function)

_mysql.c:551: warning: initialization from incompatible pointer type

_mysql.c:552: error: â€˜PyObjectâ€™ undeclared (first use in this function)

_mysql.c:552: error: â€˜convâ€™ undeclared (first use in this function)

_mysql.c:552: error: invalid operands to binary * (have â€˜char **â€™ and â€˜char **â€™)

_mysql.c:552: warning: statement with no effect

_mysql.c:553: error: â€˜sslâ€™ undeclared (first use in this function)

_mysql.c:553: error: invalid operands to binary * (have â€˜char **â€™ and â€˜char **â€™)

_mysql.c:553: warning: statement with no effect

_mysql.c:555: warning: initialization from incompatible pointer type

_mysql.c:555: warning: initialization from incompatible pointer type

_mysql.c:555: warning: initialization from incompatible pointer type

_mysql.c:556: warning: initialization from incompatible pointer type

_mysql.c:556: warning: initialization from incompatible pointer type

_mysql.c:558: warning: initialization from incompatible pointer type

_mysql.c:558: warning: initialization from incompatible pointer type

_mysql.c:558: warning: initialization from incompatible pointer type

_mysql.c:559: warning: initialization from incompatible pointer type

_mysql.c:559: warning: initialization from incompatible pointer type

_mysql.c:573: error: initializer element is not constant

_mysql.c:573: error: (near initialization for â€˜kwlist[18]â€™)

_mysql.c:580: warning: initialization from incompatible pointer type

_mysql.c:581: warning: initialization from incompatible pointer type

_mysql.c:582: warning: initialization from incompatible pointer type

_mysql.c:584: error: â€˜_mysql_ConnectionObjectâ€™ has no member named â€˜converterâ€™

_mysql.c:584: warning: statement with no effect

_mysql.c:585: error: â€˜_mysql_ConnectionObjectâ€™ has no member named â€˜openâ€™

_mysql.c:585: warning: statement with no effect

_mysql.c:588: error: â€˜argsâ€™ undeclared (first use in this function)

_mysql.c:588: error: â€˜kwargsâ€™ undeclared (first use in this function)

_mysql.c:622: error: â€˜valueâ€™ undeclared (first use in this function)

_mysql.c:622: error: invalid operands to binary * (have â€˜char **â€™ and â€˜char **â€™)

_mysql.c:622: warning: statement with no effect

_mysql.c:623: warning: implicit declaration of function â€˜PyMapping_GetItemStringâ€™

_mysql.c:623: warning: statement with no effect

_mysql.c:623: warning: implicit declaration of function â€˜PyString_AsStringâ€™

_mysql.c:623: warning: assignment makes pointer from integer without a cast

_mysql.c:624: warning: statement with no effect

_mysql.c:624: warning: assignment makes pointer from integer without a cast

_mysql.c:625: warning: statement with no effect

_mysql.c:625: warning: assignment makes pointer from integer without a cast

_mysql.c:626: warning: statement with no effect

_mysql.c:626: warning: assignment makes pointer from integer without a cast

_mysql.c:627: warning: statement with no effect

_mysql.c:627: warning: assignment makes pointer from integer without a cast

_mysql.c:635: error: â€˜Py_BEGIN_ALLOW_THREADSâ€™ undeclared (first use in this function)

_mysql.c:635: warning: statement with no effect

_mysql.c:636: error: â€˜_mysql_ConnectionObjectâ€™ has no member named â€˜connectionâ€™

_mysql.c:636: warning: passing argument 1 of â€˜mysql_initâ€™ from incompatible pointer type

/usr/include/mysql/mysql.h:437: note: expected â€˜struct MYSQL *â€™ but argument is of type â€˜char * (*)[1]â€™

_mysql.c:639: error: â€˜_mysql_ConnectionObjectâ€™ has no member named â€˜connectionâ€™

_mysql.c:640: warning: passing argument 1 of â€˜mysql_optionsâ€™ from incompatible pointer type

/usr/include/mysql/mysql.h:543: note: expected â€˜struct MYSQL *â€™ but argument is of type â€˜char * (*)[1]â€™

_mysql.c:645: error: â€˜_mysql_ConnectionObjectâ€™ has no member named â€˜connectionâ€™

_mysql.c:646: warning: passing argument 1 of â€˜mysql_optionsâ€™ from incompatible pointer type

/usr/include/mysql/mysql.h:543: note: expected â€˜struct MYSQL *â€™ but argument is of type â€˜char * (*)[1]â€™

_mysql.c:650: error: â€˜_mysql_ConnectionObjectâ€™ has no member named â€˜connectionâ€™

_mysql.c:651: warning: passing argument 1 of â€˜mysql_optionsâ€™ from incompatible pointer type

/usr/include/mysql/mysql.h:543: note: expected â€˜struct MYSQL *â€™ but argument is of type â€˜char * (*)[1]â€™

_mysql.c:655: error: â€˜_mysql_ConnectionObjectâ€™ has no member named â€˜connectionâ€™

_mysql.c:655: warning: passing argument 1 of â€˜mysql_optionsâ€™ from incompatible pointer type

/usr/include/mysql/mysql.h:543: note: expected â€˜struct MYSQL *â€™ but argument is of type â€˜char * (*)[1]â€™

_mysql.c:659: error: â€˜_mysql_ConnectionObjectâ€™ has no member named â€˜connectionâ€™

_mysql.c:659: warning: passing argument 1 of â€˜mysql_optionsâ€™ from incompatible pointer type

/usr/include/mysql/mysql.h:543: note: expected â€˜struct MYSQL *â€™ but argument is of type â€˜char * (*)[1]â€™

_mysql.c:660: warning: comparison of distinct pointer types lacks a cast

_mysql.c:661: error: â€˜_mysql_ConnectionObjectâ€™ has no member named â€˜connectionâ€™

_mysql.c:661: warning: passing argument 1 of â€˜mysql_optionsâ€™ from incompatible pointer type

/usr/include/mysql/mysql.h:543: note: expected â€˜struct MYSQL *â€™ but argument is of type â€˜char * (*)[1]â€™

_mysql.c:662: warning: comparison of distinct pointer types lacks a cast

_mysql.c:663: error: â€˜_mysql_ConnectionObjectâ€™ has no member named â€˜connectionâ€™

_mysql.c:663: warning: passing argument 1 of â€˜mysql_optionsâ€™ from incompatible pointer type

/usr/include/mysql/mysql.h:543: note: expected â€˜struct MYSQL *â€™ but argument is of type â€˜char * (*)[1]â€™

_mysql.c:664: warning: comparison of distinct pointer types lacks a cast

_mysql.c:665: error: â€˜_mysql_ConnectionObjectâ€™ has no member named â€˜connectionâ€™

_mysql.c:665: warning: passing argument 1 of â€˜mysql_optionsâ€™ from incompatible pointer type

/usr/include/mysql/mysql.h:543: note: expected â€˜struct MYSQL *â€™ but argument is of type â€˜char * (*)[1]â€™

_mysql.c:668: error: â€˜_mysql_ConnectionObjectâ€™ has no member named â€˜connectionâ€™

_mysql.c:668: warning: passing argument 1 of â€˜mysql_optionsâ€™ from incompatible pointer type

/usr/include/mysql/mysql.h:543: note: expected â€˜struct MYSQL *â€™ but argument is of type â€˜char * (*)[1]â€™

_mysql.c:672: error: â€˜_mysql_ConnectionObjectâ€™ has no member named â€˜connectionâ€™

_mysql.c:673: warning: passing argument 1 of â€˜mysql_ssl_setâ€™ from incompatible pointer type

/usr/include/mysql/mysql.h:438: note: expected â€˜struct MYSQL *â€™ but argument is of type â€˜char * (*)[1]â€™

_mysql.c:676: error: â€˜_mysql_ConnectionObjectâ€™ has no member named â€˜connectionâ€™

_mysql.c:677: warning: passing argument 1 of â€˜mysql_real_connectâ€™ from incompatible pointer type

/usr/include/mysql/mysql.h:444: note: expected â€˜struct MYSQL *â€™ but argument is of type â€˜char * (*)[1]â€™

_mysql.c:679: error: â€˜Py_END_ALLOW_THREADSâ€™ undeclared (first use in this function)

_mysql.c:679: warning: statement with no effect

_mysql.c:688: warning: statement with no effect

_mysql.c:694: error: â€˜_mysql_ConnectionObjectâ€™ has no member named â€˜converterâ€™

_mysql.c:694: warning: statement with no effect

_mysql.c:702: error: â€˜_mysql_ConnectionObjectâ€™ has no member named â€˜openâ€™

_mysql.c:702: warning: statement with no effect

_mysql.c: At top level:

_mysql.c:760: error: expected â€˜=â€™, â€˜,â€™, â€˜;â€™, â€˜asmâ€™ or â€˜__attribute__â€™ before â€˜*â€™ token

_mysql.c: In function â€˜_mysql_ConnectionObject_clearâ€™:

_mysql.c:792: error: â€˜_mysql_ConnectionObjectâ€™ has no member named â€˜converterâ€™

_mysql.c:793: error: â€˜_mysql_ConnectionObjectâ€™ has no member named â€˜converterâ€™

_mysql.c:793: error: â€˜NULLâ€™ undeclared (first use in this function)

_mysql.c:793: warning: statement with no effect

_mysql.c: At top level:

_mysql.c:800: error: expected â€˜=â€™, â€˜,â€™, â€˜;â€™, â€˜asmâ€™ or â€˜__attribute__â€™ before â€˜*â€™ token

_mysql.c:828: error: expected â€˜=â€™, â€˜,â€™, â€˜;â€™, â€˜asmâ€™ or â€˜__attribute__â€™ before â€˜*â€™ token

_mysql.c:844: error: expected â€˜=â€™, â€˜,â€™, â€˜;â€™, â€˜asmâ€™ or â€˜__attribute__â€™ before â€˜*â€™ token

_mysql.c:862: error: expected â€˜=â€™, â€˜,â€™, â€˜;â€™, â€˜asmâ€™ or â€˜__attribute__â€™ before â€˜*â€™ token

_mysql.c:881: error: expected â€˜=â€™, â€˜,â€™, â€˜;â€™, â€˜asmâ€™ or â€˜__attribute__â€™ before â€˜*â€™ token

_mysql.c:907: error: expected â€˜=â€™, â€˜,â€™, â€˜;â€™, â€˜asmâ€™ or â€˜__attribute__â€™ before â€˜*â€™ token

_mysql.c:921: error: expected â€˜=â€™, â€˜,â€™, â€˜;â€™, â€˜asmâ€™ or â€˜__attribute__â€™ before â€˜*â€™ token

_mysql.c:943: error: expected â€˜=â€™, â€˜,â€™, â€˜;â€™, â€˜asmâ€™ or â€˜__attribute__â€™ before â€˜*â€™ token

_mysql.c:975: error: expected â€˜=â€™, â€˜,â€™, â€˜;â€™, â€˜asmâ€™ or â€˜__attribute__â€™ before â€˜*â€™ token

_mysql.c:1001: error: expected â€˜=â€™, â€˜,â€™, â€˜;â€™, â€˜asmâ€™ or â€˜__attribute__â€™ before â€˜*â€™ token

_mysql.c:1028: error: expected â€˜=â€™, â€˜,â€™, â€˜;â€™, â€˜asmâ€™ or â€˜__attribute__â€™ before â€˜*â€™ token

_mysql.c:1047: error: expected â€˜=â€™, â€˜,â€™, â€˜;â€™, â€˜asmâ€™ or â€˜__attribute__â€™ before â€˜*â€™ token

_mysql.c:1064: error: expected â€˜=â€™, â€˜,â€™, â€˜;â€™, â€˜asmâ€™ or â€˜__attribute__â€™ before â€˜*â€™ token

_mysql.c:1080: error: expected â€˜=â€™, â€˜,â€™, â€˜;â€™, â€˜asmâ€™ or â€˜__attribute__â€™ before â€˜*â€™ token

_mysql.c:1102: error: expected â€˜=â€™, â€˜,â€™, â€˜;â€™, â€˜asmâ€™ or â€˜__attribute__â€™ before â€˜*â€™ token

_mysql.c:1149: error: expected â€˜=â€™, â€˜,â€™, â€˜;â€™, â€˜asmâ€™ or â€˜__attribute__â€™ before â€˜*â€™ token

_mysql.c:1192: error: expected â€˜=â€™, â€˜,â€™, â€˜;â€™, â€˜asmâ€™ or â€˜__attribute__â€™ before â€˜*â€™ token

_mysql.c:1194: error: expected â€˜=â€™, â€˜,â€™, â€˜;â€™, â€˜asmâ€™ or â€˜__attribute__â€™ before â€˜*â€™ token

_mysql.c:1230: error: expected â€˜=â€™, â€˜,â€™, â€˜;â€™, â€˜asmâ€™ or â€˜__attribute__â€™ before â€˜*â€™ token

_mysql.c:1260: error: expected â€˜=â€™, â€˜,â€™, â€˜;â€™, â€˜asmâ€™ or â€˜__attribute__â€™ before â€˜*â€™ token

_mysql.c:1294: error: expected â€˜=â€™, â€˜,â€™, â€˜;â€™, â€˜asmâ€™ or â€˜__attribute__â€™ before â€˜*â€™ token

_mysql.c:1326: error: expected â€˜=â€™, â€˜,â€™, â€˜;â€™, â€˜asmâ€™ or â€˜__attribute__â€™ before â€˜*â€™ token

_mysql.c:1362: error: expected â€˜=â€™, â€˜,â€™, â€˜;â€™, â€˜asmâ€™ or â€˜__attribute__â€™ before â€˜*â€™ token

_mysql.c:1386: error: expected â€˜=â€™, â€˜,â€™, â€˜;â€™, â€˜asmâ€™ or â€˜__attribute__â€™ before â€˜*â€™ token

_mysql.c:1416: error: expected â€˜=â€™, â€˜,â€™, â€˜;â€™, â€˜asmâ€™ or â€˜__attribute__â€™ before â€˜*â€™ token

_mysql.c:1441: error: expected â€˜=â€™, â€˜,â€™, â€˜;â€™, â€˜asmâ€™ or â€˜__attribute__â€™ before â€˜*â€™ token

_mysql.c:1480: error: expected â€˜=â€™, â€˜,â€™, â€˜;â€™, â€˜asmâ€™ or â€˜__attribute__â€™ before â€˜*â€™ token

_mysql.c:1519: error: expected â€˜=â€™, â€˜,â€™, â€˜;â€™, â€˜asmâ€™ or â€˜__attribute__â€™ before â€˜*â€™ token

_mysql.c:1524: error: expected declaration specifiers or â€˜...â€™ before â€˜PyObjectâ€™

_mysql.c:1527: error: expected declaration specifiers or â€˜...â€™ before â€˜_PYFUNCâ€™

_mysql.c: In function â€˜_mysql__fetch_rowâ€™:

_mysql.c:1533: error: â€˜PyObjectâ€™ undeclared (first use in this function)

_mysql.c:1533: error: â€˜vâ€™ undeclared (first use in this function)

_mysql.c:1533: error: invalid operands to binary * (have â€˜char **â€™ and â€˜char **â€™)

_mysql.c:1533: warning: statement with no effect

_mysql.c:1534: error: â€˜_mysql_ResultObjectâ€™ has no member named â€˜useâ€™

_mysql.c:1535: error: â€˜_mysql_ResultObjectâ€™ has no member named â€˜resultâ€™

_mysql.c:1535: warning: passing argument 1 of â€˜mysql_fetch_rowâ€™ from incompatible pointer type

/usr/include/mysql/mysql.h:552: note: expected â€˜struct MYSQL_RES *â€™ but argument is of type â€˜char **â€™

_mysql.c:1537: error: â€˜Py_BEGIN_ALLOW_THREADSâ€™ undeclared (first use in this function)

_mysql.c:1537: warning: statement with no effect

_mysql.c:1538: error: â€˜_mysql_ResultObjectâ€™ has no member named â€˜resultâ€™

_mysql.c:1538: warning: passing argument 1 of â€˜mysql_fetch_rowâ€™ from incompatible pointer type

/usr/include/mysql/mysql.h:552: note: expected â€˜struct MYSQL_RES *â€™ but argument is of type â€˜char **â€™

_mysql.c:1539: error: â€˜Py_END_ALLOW_THREADSâ€™ undeclared (first use in this function)

_mysql.c:1539: warning: statement with no effect

_mysql.c:1541: error: â€˜_mysql_ResultObjectâ€™ has no member named â€˜connâ€™

_mysql.c:1541: error: â€˜_mysql_ConnectionObjectâ€™ has no member named â€˜connectionâ€™

_mysql.c:1541: warning: passing argument 1 of â€˜mysql_errnoâ€™ from incompatible pointer type

/usr/include/mysql/mysql.h:428: note: expected â€˜struct MYSQL *â€™ but argument is of type â€˜char * (*)[1]â€™

_mysql.c:1542: error: â€˜_mysql_ResultObjectâ€™ has no member named â€˜connâ€™

_mysql.c:1546: warning: implicit declaration of function â€˜_PyTuple_Resizeâ€™

_mysql.c:1546: error: â€˜râ€™ undeclared (first use in this function)

_mysql.c:1549: warning: implicit declaration of function â€˜convert_rowâ€™

_mysql.c:1549: warning: statement with no effect

_mysql.c: At top level:

_mysql.c:1567: error: expected â€˜=â€™, â€˜,â€™, â€˜;â€™, â€˜asmâ€™ or â€˜__attribute__â€™ before â€˜*â€™ token

_mysql.c:1646: error: expected â€˜=â€™, â€˜,â€™, â€˜;â€™, â€˜asmâ€™ or â€˜__attribute__â€™ before â€˜*â€™ token

_mysql.c:1674: error: expected â€˜=â€™, â€˜,â€™, â€˜;â€™, â€˜asmâ€™ or â€˜__attribute__â€™ before â€˜*â€™ token

_mysql.c:1700: error: expected â€˜=â€™, â€˜,â€™, â€˜;â€™, â€˜asmâ€™ or â€˜__attribute__â€™ before â€˜*â€™ token

_mysql.c:1740: error: expected â€˜=â€™, â€˜,â€™, â€˜;â€™, â€˜asmâ€™ or â€˜__attribute__â€™ before â€˜*â€™ token

_mysql.c:1782: error: expected â€˜=â€™, â€˜,â€™, â€˜;â€™, â€˜asmâ€™ or â€˜__attribute__â€™ before â€˜*â€™ token

_mysql.c:1801: error: expected â€˜=â€™, â€˜,â€™, â€˜;â€™, â€˜asmâ€™ or â€˜__attribute__â€™ before â€˜*â€™ token

_mysql.c:1820: error: expected â€˜=â€™, â€˜,â€™, â€˜;â€™, â€˜asmâ€™ or â€˜__attribute__â€™ before â€˜*â€™ token

_mysql.c:1835: error: expected â€˜=â€™, â€˜,â€™, â€˜;â€™, â€˜asmâ€™ or â€˜__attribute__â€™ before â€˜*â€™ token

_mysql.c:1855: error: expected â€˜=â€™, â€˜,â€™, â€˜;â€™, â€˜asmâ€™ or â€˜__attribute__â€™ before â€˜*â€™ token

_mysql.c:1894: error: expected â€˜=â€™, â€˜,â€™, â€˜;â€™, â€˜asmâ€™ or â€˜__attribute__â€™ before â€˜*â€™ token

_mysql.c:1912: error: expected â€˜=â€™, â€˜,â€™, â€˜;â€™, â€˜asmâ€™ or â€˜__attribute__â€™ before â€˜*â€™ token

_mysql.c:1935: error: expected â€˜=â€™, â€˜,â€™, â€˜;â€™, â€˜asmâ€™ or â€˜__attribute__â€™ before â€˜*â€™ token

_mysql.c:1952: error: expected â€˜=â€™, â€˜,â€™, â€˜;â€™, â€˜asmâ€™ or â€˜__attribute__â€™ before â€˜*â€™ token

_mysql.c:1968: error: expected â€˜=â€™, â€˜,â€™, â€˜;â€™, â€˜asmâ€™ or â€˜__attribute__â€™ before â€˜*â€™ token

_mysql.c:1997: error: expected â€˜=â€™, â€˜,â€™, â€˜;â€™, â€˜asmâ€™ or â€˜__attribute__â€™ before â€˜*â€™ token

_mysql.c:2020: error: expected â€˜=â€™, â€˜,â€™, â€˜;â€™, â€˜asmâ€™ or â€˜__attribute__â€™ before â€˜*â€™ token

_mysql.c:2050: error: expected â€˜=â€™, â€˜,â€™, â€˜;â€™, â€˜asmâ€™ or â€˜__attribute__â€™ before â€˜*â€™ token

_mysql.c:2072: error: expected â€˜=â€™, â€˜,â€™, â€˜;â€™, â€˜asmâ€™ or â€˜__attribute__â€™ before â€˜*â€™ token

_mysql.c:2099: error: expected â€˜=â€™, â€˜,â€™, â€˜;â€™, â€˜asmâ€™ or â€˜__attribute__â€™ before â€˜*â€™ token

_mysql.c:2125: error: expected â€˜=â€™, â€˜,â€™, â€˜;â€™, â€˜asmâ€™ or â€˜__attribute__â€™ before â€˜*â€™ token

_mysql.c:2166: error: expected â€˜=â€™, â€˜,â€™, â€˜;â€™, â€˜asmâ€™ or â€˜__attribute__â€™ before â€˜*â€™ token

_mysql.c:2186: error: expected â€˜=â€™, â€˜,â€™, â€˜;â€™, â€˜asmâ€™ or â€˜__attribute__â€™ before â€˜*â€™ token

_mysql.c: In function â€˜_mysql_ConnectionObject_deallocâ€™:

_mysql.c:2220: error: â€˜PyObjectâ€™ undeclared (first use in this function)

_mysql.c:2220: error: â€˜oâ€™ undeclared (first use in this function)

_mysql.c:2220: error: invalid operands to binary * (have â€˜char **â€™ and â€˜char **â€™)

_mysql.c:2220: warning: statement with no effect

_mysql.c:2223: error: â€˜_mysql_ConnectionObjectâ€™ has no member named â€˜openâ€™

_mysql.c:2224: warning: implicit declaration of function â€˜_mysql_ConnectionObject_closeâ€™

_mysql.c:2224: error: â€˜NULLâ€™ undeclared (first use in this function)

_mysql.c:2224: warning: statement with no effect

_mysql.c:2227: warning: implicit declaration of function â€˜PyMem_Freeâ€™

_mysql.c: At top level:

_mysql.c:2230: error: expected â€˜=â€™, â€˜,â€™, â€˜;â€™, â€˜asmâ€™ or â€˜__attribute__â€™ before â€˜*â€™ token

_mysql.c:2251: error: expected â€˜=â€™, â€˜,â€™, â€˜;â€™, â€˜asmâ€™ or â€˜__attribute__â€™ before â€˜*â€™ token

_mysql.c:2266: error: expected â€˜=â€™, â€˜,â€™, â€˜;â€™, â€˜asmâ€™ or â€˜__attribute__â€™ before â€˜*â€™ token

_mysql.c:2288: error: expected â€˜=â€™, â€˜,â€™, â€˜;â€™, â€˜asmâ€™ or â€˜__attribute__â€™ before â€˜*â€™ token

_mysql.c: In function â€˜_mysql_ResultObject_deallocâ€™:

_mysql.c:2310: error: â€˜_mysql_ResultObjectâ€™ has no member named â€˜resultâ€™

_mysql.c:2310: warning: passing argument 1 of â€˜mysql_free_resultâ€™ from incompatible pointer type

/usr/include/mysql/mysql.h:545: note: expected â€˜struct MYSQL_RES *â€™ but argument is of type â€˜char **â€™

_mysql.c: At top level:

_mysql.c:2315: error: expected â€˜=â€™, â€˜,â€™, â€˜;â€™, â€˜asmâ€™ or â€˜__attribute__â€™ before â€˜*â€™ token

_mysql.c:2329: error: expected â€˜=â€™, â€˜,â€™, â€˜;â€™, â€˜asmâ€™ or â€˜__attribute__â€™ before â€˜_mysql_ConnectionObject_methodsâ€™

_mysql.c:2550: error: array type has incomplete element type

_mysql.c:2551: error: â€˜T_INTâ€™ undeclared here (not in a function)

_mysql.c:2551: warning: implicit declaration of function â€˜offsetofâ€™

_mysql.c:2551: error: expected expression before â€˜_mysql_ConnectionObjectâ€™

_mysql.c:2551: error: â€˜READONLYâ€™ undeclared here (not in a function)

_mysql.c:2558: error: â€˜T_OBJECTâ€™ undeclared here (not in a function)

_mysql.c:2558: error: expected expression before â€˜_mysql_ConnectionObjectâ€™

_mysql.c:2565: error: â€˜T_UINTâ€™ undeclared here (not in a function)

_mysql.c:2565: error: expected expression before â€˜_mysql_ConnectionObjectâ€™

_mysql.c:2572: error: expected expression before â€˜_mysql_ConnectionObjectâ€™

_mysql.c:2579: error: expected expression before â€˜_mysql_ConnectionObjectâ€™

_mysql.c:2586: error: â€˜NULLâ€™ undeclared here (not in a function)

_mysql.c:2589: error: expected â€˜=â€™, â€˜,â€™, â€˜;â€™, â€˜asmâ€™ or â€˜__attribute__â€™ before â€˜_mysql_ResultObject_methodsâ€™

_mysql.c:2641: error: array type has incomplete element type

_mysql.c:2642: error: expected expression before â€˜_mysql_ResultObjectâ€™

_mysql.c:2652: error: expected â€˜=â€™, â€˜,â€™, â€˜;â€™, â€˜asmâ€™ or â€˜__attribute__â€™ before â€˜*â€™ token

_mysql.c:2682: error: expected â€˜=â€™, â€˜,â€™, â€˜;â€™, â€˜asmâ€™ or â€˜__attribute__â€™ before â€˜*â€™ token

_mysql.c:2714: error: expected declaration specifiers or â€˜...â€™ before â€˜PyObjectâ€™

_mysql.c: In function â€˜_mysql_ConnectionObject_setattrâ€™:

_mysql.c:2716: error: â€˜vâ€™ undeclared (first use in this function)

_mysql.c:2717: warning: implicit declaration of function â€˜PyErr_SetStringâ€™

_mysql.c:2717: error: â€˜PyExc_AttributeErrorâ€™ undeclared (first use in this function)

_mysql.c:2722: warning: implicit declaration of function â€˜PyMember_Setâ€™

_mysql.c: At top level:

_mysql.c:2739: error: expected declaration specifiers or â€˜...â€™ before â€˜PyObjectâ€™

_mysql.c: In function â€˜_mysql_ResultObject_setattrâ€™:

_mysql.c:2741: error: â€˜vâ€™ undeclared (first use in this function)

_mysql.c:2742: error: â€˜PyExc_AttributeErrorâ€™ undeclared (first use in this function)

_mysql.c: At top level:

_mysql.c:2760: error: expected â€˜=â€™, â€˜,â€™, â€˜;â€™, â€˜asmâ€™ or â€˜__attribute__â€™ before â€˜_mysql_ConnectionObject_Typeâ€™

_mysql.c:2848: error: expected â€˜=â€™, â€˜,â€™, â€˜;â€™, â€˜asmâ€™ or â€˜__attribute__â€™ before â€˜_mysql_ResultObject_Typeâ€™

_mysql.c:2938: error: expected â€˜=â€™, â€˜,â€™, â€˜;â€™, â€˜asmâ€™ or â€˜__attribute__â€™ before â€˜_mysql_methodsâ€™

_mysql.c:3010: error: expected â€˜=â€™, â€˜,â€™, â€˜;â€™, â€˜asmâ€™ or â€˜__attribute__â€™ before â€˜*â€™ token

_mysql.c:3058: warning: return type defaults to â€˜intâ€™

_mysql.c: In function â€˜DL_EXPORTâ€™:

_mysql.c:3058: error: expected declaration specifiers before â€˜init_mysqlâ€™

_mysql.c:3166: error: expected â€˜{â€™ at end of input

error: command 'gcc' failed with exit status 1

----------------------------------------
Command /usr/bin/python -c "import setuptools;__file__='/tmp/pip-build-root/MySQL-python/setup.py';exec(compile(open(__file__).read().replace('\r\n', '\n'), __file__, 'exec'))" install --record /tmp/pip-U4TgHp-record/install-record.txt --single-version-externally-managed failed with error code 1 in /tmp/pip-build-root/MySQL-python
Storing complete log in /root/.pip/pip.log
]0;root@clou-c-04:/usr/share/myApps/myTennisMatches/v1[root@clou-c-04 v1]# exit
exit

Script done on Fri 05 Jun 2015 10:07:00 PM WEST
